<?xml version="1.0" encoding="utf-8" standalone="no"?>
<test-results xmlns:xsi="http://www.w3.org/2001/XMLSchema-instance" xsi:noNamespaceSchemaLocation="nunit_schema_2.5.xsd" name="Pester" total="52" errors="0" failures="0" not-run="0" inconclusive="0" ignored="0" skipped="2" invalid="0" date="2021-09-21" time="07:18:17">
  <environment platform="Microsoft Windows 10 Enterprise|C:\WINDOWS|\Device\Harddisk0\Partition3" machine-name="USLT-JH-02" nunit-version="2.5.8.0" user="jh" cwd="C:\Users\jh\source\repos\WrikeExplorer\tests" os-version="10.0.19042" user-domain="MILESTONE" clr-version="Unknown" />
  <culture-info current-culture="en-US" current-uiculture="en-US" />
  <test-suite type="TestFixture" name="Pester" executed="True" result="Ignored" success="True" time="3.664" asserts="0" description="Pester">
    <results>
      <test-suite type="TestFixture" name="C:\Users\jh\source\repos\WrikeExplorer\tests\Help.tests.ps1" executed="True" result="Success" success="True" time="1.7608" asserts="0" description="C:\Users\jh\source\repos\WrikeExplorer\tests\Help.tests.ps1">
        <results>
          <test-suite type="TestFixture" name="Test help for Clear-WrikeAccessToken" executed="True" result="Success" success="True" time="0.448" asserts="0" description="Test help for Clear-WrikeAccessToken">
            <results>
              <test-case description="Help is not auto-generated" name="Test help for Clear-WrikeAccessToken.Help is not auto-generated" time="0.2135" asserts="0" success="True" result="Success" executed="True" />
              <test-case description="Has description" name="Test help for Clear-WrikeAccessToken.Has description" time="0.0295" asserts="0" success="True" result="Success" executed="True" />
              <test-case description="Has example code" name="Test help for Clear-WrikeAccessToken.Has example code" time="0.0205" asserts="0" success="True" result="Success" executed="True" />
              <test-case description="Has example help" name="Test help for Clear-WrikeAccessToken.Has example help" time="0.0191" asserts="0" success="True" result="Success" executed="True" />
            </results>
          </test-suite>
          <test-suite type="TestFixture" name="Test help for Get-WrikeContact" executed="True" result="Success" success="True" time="0.4991" asserts="0" description="Test help for Get-WrikeContact">
            <results>
              <test-case description="Help is not auto-generated" name="Test help for Get-WrikeContact.Help is not auto-generated" time="0.0084" asserts="0" success="True" result="Success" executed="True" />
              <test-case description="Has description" name="Test help for Get-WrikeContact.Has description" time="0.007" asserts="0" success="True" result="Success" executed="True" />
              <test-case description="Has example code" name="Test help for Get-WrikeContact.Has example code" time="0.0065" asserts="0" success="True" result="Success" executed="True" />
              <test-case description="Has example help" name="Test help for Get-WrikeContact.Has example help" time="0.009" asserts="0" success="True" result="Success" executed="True" />
            </results>
          </test-suite>
          <test-suite type="TestFixture" name="Test help for Get-WrikeDataExport" executed="True" result="Success" success="True" time="0.5684" asserts="0" description="Test help for Get-WrikeDataExport">
            <results>
              <test-case description="Help is not auto-generated" name="Test help for Get-WrikeDataExport.Help is not auto-generated" time="0.0092" asserts="0" success="True" result="Success" executed="True" />
              <test-case description="Has description" name="Test help for Get-WrikeDataExport.Has description" time="0.0077" asserts="0" success="True" result="Success" executed="True" />
              <test-case description="Has example code" name="Test help for Get-WrikeDataExport.Has example code" time="0.0071" asserts="0" success="True" result="Success" executed="True" />
              <test-case description="Has example help" name="Test help for Get-WrikeDataExport.Has example help" time="0.0092" asserts="0" success="True" result="Success" executed="True" />
            </results>
          </test-suite>
          <test-suite type="TestFixture" name="Test help for Get-WrikeDataExportSchema" executed="True" result="Success" success="True" time="0.6451" asserts="0" description="Test help for Get-WrikeDataExportSchema">
            <results>
              <test-case description="Help is not auto-generated" name="Test help for Get-WrikeDataExportSchema.Help is not auto-generated" time="0.0111" asserts="0" success="True" result="Success" executed="True" />
              <test-case description="Has description" name="Test help for Get-WrikeDataExportSchema.Has description" time="0.0113" asserts="0" success="True" result="Success" executed="True" />
              <test-case description="Has example code" name="Test help for Get-WrikeDataExportSchema.Has example code" time="0.01" asserts="0" success="True" result="Success" executed="True" />
              <test-case description="Has example help" name="Test help for Get-WrikeDataExportSchema.Has example help" time="0.0067" asserts="0" success="True" result="Success" executed="True" />
            </results>
          </test-suite>
          <test-suite type="TestFixture" name="Test help for Get-WrikeExplorerConfig" executed="True" result="Success" success="True" time="0.7168" asserts="0" description="Test help for Get-WrikeExplorerConfig">
            <results>
              <test-case description="Help is not auto-generated" name="Test help for Get-WrikeExplorerConfig.Help is not auto-generated" time="0.0139" asserts="0" success="True" result="Success" executed="True" />
              <test-case description="Has description" name="Test help for Get-WrikeExplorerConfig.Has description" time="0.0094" asserts="0" success="True" result="Success" executed="True" />
              <test-case description="Has example code" name="Test help for Get-WrikeExplorerConfig.Has example code" time="0.0087" asserts="0" success="True" result="Success" executed="True" />
              <test-case description="Has example help" name="Test help for Get-WrikeExplorerConfig.Has example help" time="0.0101" asserts="0" success="True" result="Success" executed="True" />
            </results>
          </test-suite>
          <test-suite type="TestFixture" name="Test help for Invoke-WrikeApi" executed="True" result="Success" success="True" time="0.8085" asserts="0" description="Test help for Invoke-WrikeApi">
            <results>
              <test-case description="Help is not auto-generated" name="Test help for Invoke-WrikeApi.Help is not auto-generated" time="0.0085" asserts="0" success="True" result="Success" executed="True" />
              <test-case description="Has description" name="Test help for Invoke-WrikeApi.Has description" time="0.0048" asserts="0" success="True" result="Success" executed="True" />
              <test-case description="Has example code" name="Test help for Invoke-WrikeApi.Has example code" time="0.0066" asserts="0" success="True" result="Success" executed="True" />
              <test-case description="Has example help" name="Test help for Invoke-WrikeApi.Has example help" time="0.0082" asserts="0" success="True" result="Success" executed="True" />
            </results>
          </test-suite>
          <test-suite type="TestFixture" name="Test help for Request-WrikeDataExport" executed="True" result="Success" success="True" time="0.8498" asserts="0" description="Test help for Request-WrikeDataExport">
            <results>
              <test-case description="Help is not auto-generated" name="Test help for Request-WrikeDataExport.Help is not auto-generated" time="0.0055" asserts="0" success="True" result="Success" executed="True" />
              <test-case description="Has description" name="Test help for Request-WrikeDataExport.Has description" time="0.0035" asserts="0" success="True" result="Success" executed="True" />
              <test-case description="Has example code" name="Test help for Request-WrikeDataExport.Has example code" time="0.008" asserts="0" success="True" result="Success" executed="True" />
              <test-case description="Has example help" name="Test help for Request-WrikeDataExport.Has example help" time="0.0061" asserts="0" success="True" result="Success" executed="True" />
            </results>
          </test-suite>
          <test-suite type="TestFixture" name="Test help for Save-WrikeDataExport" executed="True" result="Success" success="True" time="0.8941" asserts="0" description="Test help for Save-WrikeDataExport">
            <results>
              <test-case description="Help is not auto-generated" name="Test help for Save-WrikeDataExport.Help is not auto-generated" time="0.0113" asserts="0" success="True" result="Success" executed="True" />
              <test-case description="Has description" name="Test help for Save-WrikeDataExport.Has description" time="0.0038" asserts="0" success="True" result="Success" executed="True" />
              <test-case description="Has example code" name="Test help for Save-WrikeDataExport.Has example code" time="0.0048" asserts="0" success="True" result="Success" executed="True" />
              <test-case description="Has example help" name="Test help for Save-WrikeDataExport.Has example help" time="0.0046" asserts="0" success="True" result="Success" executed="True" />
            </results>
          </test-suite>
          <test-suite type="TestFixture" name="Test help for Set-WrikeAccessToken" executed="True" result="Success" success="True" time="0.9787" asserts="0" description="Test help for Set-WrikeAccessToken">
            <results>
              <test-case description="Help is not auto-generated" name="Test help for Set-WrikeAccessToken.Help is not auto-generated" time="0.0253" asserts="0" success="True" result="Success" executed="True" />
              <test-case description="Has description" name="Test help for Set-WrikeAccessToken.Has description" time="0.0241" asserts="0" success="True" result="Success" executed="True" />
              <test-case description="Has example code" name="Test help for Set-WrikeAccessToken.Has example code" time="0.005" asserts="0" success="True" result="Success" executed="True" />
              <test-case description="Has example help" name="Test help for Set-WrikeAccessToken.Has example help" time="0.0066" asserts="0" success="True" result="Success" executed="True" />
            </results>
          </test-suite>
        </results>
      </test-suite>
      <test-suite type="TestFixture" name="C:\Users\jh\source\repos\WrikeExplorer\tests\Manifest.tests.ps1" executed="True" result="Ignored" success="True" time="0.5746" asserts="0" description="C:\Users\jh\source\repos\WrikeExplorer\tests\Manifest.tests.ps1">
        <results>
          <test-suite type="TestFixture" name="Module manifest" executed="True" result="Success" success="True" time="0.2311" asserts="0" description="Module manifest">
            <results>
              <test-suite type="TestFixture" name="Module manifest.Validation" executed="True" result="Success" success="True" time="0.2268" asserts="0" description="Module manifest.Validation">
                <results>
                  <test-case description="Has a valid manifest" name="Module manifest.Validation.Has a valid manifest" time="0.024" asserts="0" success="True" result="Success" executed="True" />
                  <test-case description="Has a valid name in the manifest" name="Module manifest.Validation.Has a valid name in the manifest" time="0.0436" asserts="0" success="True" result="Success" executed="True" />
                  <test-case description="Has a valid root module" name="Module manifest.Validation.Has a valid root module" time="0.0157" asserts="0" success="True" result="Success" executed="True" />
                  <test-case description="Has a valid version in the manifest" name="Module manifest.Validation.Has a valid version in the manifest" time="0.0201" asserts="0" success="True" result="Success" executed="True" />
                  <test-case description="Has a valid description" name="Module manifest.Validation.Has a valid description" time="0.016" asserts="0" success="True" result="Success" executed="True" />
                  <test-case description="Has a valid author" name="Module manifest.Validation.Has a valid author" time="0.0198" asserts="0" success="True" result="Success" executed="True" />
                  <test-case description="Has a valid guid" name="Module manifest.Validation.Has a valid guid" time="0.0331" asserts="0" success="True" result="Success" executed="True" />
                  <test-case description="Has a valid copyright" name="Module manifest.Validation.Has a valid copyright" time="0.0154" asserts="0" success="True" result="Success" executed="True" />
                  <test-case description="Has a valid version in the changelog" name="Module manifest.Validation.Has a valid version in the changelog" time="0.0152" asserts="0" success="True" result="Success" executed="True" />
                  <test-case description="Changelog and manifest versions are the same" name="Module manifest.Validation.Changelog and manifest versions are the same" time="0.0178" asserts="0" success="True" result="Success" executed="True" />
                </results>
              </test-suite>
            </results>
          </test-suite>
          <test-suite type="TestFixture" name="Git tagging" executed="True" result="Ignored" success="True" time="0.2513" asserts="0" description="Git tagging">
            <results>
              <test-case description="Is tagged with a valid version" name="Git tagging.Is tagged with a valid version" time="0.0114" asserts="0" success="False" result="Ignored" executed="False" />
              <test-case description="Matches manifest version" name="Git tagging.Matches manifest version" time="0.0036" asserts="0" success="False" result="Ignored" executed="False" />
            </results>
          </test-suite>
        </results>
      </test-suite>
      <test-suite type="TestFixture" name="C:\Users\jh\source\repos\WrikeExplorer\tests\Meta.tests.ps1" executed="True" result="Success" success="True" time="0.4903" asserts="0" description="C:\Users\jh\source\repos\WrikeExplorer\tests\Meta.tests.ps1">
        <results>
          <test-suite type="TestFixture" name="Text files formatting" executed="True" result="Success" success="True" time="0.0568" asserts="0" description="Text files formatting">
            <results>
              <test-suite type="TestFixture" name="Text files formatting.File encoding" executed="True" result="Success" success="True" time="0.025" asserts="0" description="Text files formatting.File encoding">
                <results>
                  <test-case description="No text file uses Unicode/UTF-16 encoding" name="Text files formatting.File encoding.No text file uses Unicode/UTF-16 encoding" time="0.0202" asserts="0" success="True" result="Success" executed="True" />
                </results>
              </test-suite>
              <test-suite type="TestFixture" name="Text files formatting.Indentations" executed="True" result="Success" success="True" time="0.0514" asserts="0" description="Text files formatting.Indentations">
                <results>
                  <test-case description="No text file use tabs for indentations" name="Text files formatting.Indentations.No text file use tabs for indentations" time="0.0162" asserts="0" success="True" result="Success" executed="True" />
                </results>
              </test-suite>
            </results>
          </test-suite>
        </results>
      </test-suite>
      <test-suite type="TestFixture" name="C:\Users\jh\source\repos\WrikeExplorer\tests\WrikeExplorer.tests.ps1" executed="True" result="Success" success="True" time="0.8383" asserts="0" description="C:\Users\jh\source\repos\WrikeExplorer\tests\WrikeExplorer.tests.ps1">
        <results>
          <test-suite type="TestFixture" name="Wrike API Success Tests" executed="True" result="Success" success="True" time="0.4286" asserts="0" description="Wrike API Success Tests">
            <results>
              <test-case description="Get-WrikeContact returns self" name="Wrike API Success Tests.Get-WrikeContact returns self" time="0.413" asserts="0" success="True" result="Success" executed="True" />
            </results>
          </test-suite>
          <test-suite type="TestFixture" name="Wrike API Error Tests" executed="True" result="Success" success="True" time="0.7451" asserts="0" description="Wrike API Error Tests">
            <results>
              <test-case description="Responds to invalid tokens correctly" name="Wrike API Error Tests.Responds to invalid tokens correctly" time="0.3109" asserts="0" success="True" result="Success" executed="True" />
            </results>
          </test-suite>
        </results>
      </test-suite>
    </results>
  </test-suite>
</test-results>