<?xml version="1.0" encoding="utf-8" standalone="no"?>
<test-results xmlns:xsi="http://www.w3.org/2001/XMLSchema-instance" xsi:noNamespaceSchemaLocation="nunit_schema_2.5.xsd" name="Pester" total="52" errors="0" failures="0" not-run="0" inconclusive="0" ignored="0" skipped="2" invalid="0" date="2021-09-21" time="14:41:45">
  <environment os-version="10.0.19042" user="jh" user-domain="MILESTONE" platform="Microsoft Windows 10 Enterprise|C:\WINDOWS|\Device\Harddisk0\Partition3" cwd="C:\Users\jh\source\repos\WrikeExplorer\tests" clr-version="Unknown" machine-name="USLT-JH-02" nunit-version="2.5.8.0" />
  <culture-info current-culture="en-US" current-uiculture="en-US" />
  <test-suite type="TestFixture" name="Pester" executed="True" result="Ignored" success="True" time="2.38" asserts="0" description="Pester">
    <results>
      <test-suite type="TestFixture" name="C:\Users\jh\source\repos\WrikeExplorer\tests\Help.tests.ps1" executed="True" result="Success" success="True" time="1.2522" asserts="0" description="C:\Users\jh\source\repos\WrikeExplorer\tests\Help.tests.ps1">
        <results>
          <test-suite type="TestFixture" name="Test help for Clear-WrikeAccessToken" executed="True" result="Success" success="True" time="0.2629" asserts="0" description="Test help for Clear-WrikeAccessToken">
            <results>
              <test-case description="Help is not auto-generated" name="Test help for Clear-WrikeAccessToken.Help is not auto-generated" time="0.1489" asserts="0" success="True" result="Success" executed="True" />
              <test-case description="Has description" name="Test help for Clear-WrikeAccessToken.Has description" time="0.0135" asserts="0" success="True" result="Success" executed="True" />
              <test-case description="Has example code" name="Test help for Clear-WrikeAccessToken.Has example code" time="0.0232" asserts="0" success="True" result="Success" executed="True" />
              <test-case description="Has example help" name="Test help for Clear-WrikeAccessToken.Has example help" time="0.0091" asserts="0" success="True" result="Success" executed="True" />
            </results>
          </test-suite>
          <test-suite type="TestFixture" name="Test help for Get-WrikeContact" executed="True" result="Success" success="True" time="0.3127" asserts="0" description="Test help for Get-WrikeContact">
            <results>
              <test-case description="Help is not auto-generated" name="Test help for Get-WrikeContact.Help is not auto-generated" time="0.0072" asserts="0" success="True" result="Success" executed="True" />
              <test-case description="Has description" name="Test help for Get-WrikeContact.Has description" time="0.0055" asserts="0" success="True" result="Success" executed="True" />
              <test-case description="Has example code" name="Test help for Get-WrikeContact.Has example code" time="0.0054" asserts="0" success="True" result="Success" executed="True" />
              <test-case description="Has example help" name="Test help for Get-WrikeContact.Has example help" time="0.017" asserts="0" success="True" result="Success" executed="True" />
            </results>
          </test-suite>
          <test-suite type="TestFixture" name="Test help for Get-WrikeDataExport" executed="True" result="Success" success="True" time="0.3847" asserts="0" description="Test help for Get-WrikeDataExport">
            <results>
              <test-case description="Help is not auto-generated" name="Test help for Get-WrikeDataExport.Help is not auto-generated" time="0.0083" asserts="0" success="True" result="Success" executed="True" />
              <test-case description="Has description" name="Test help for Get-WrikeDataExport.Has description" time="0.0114" asserts="0" success="True" result="Success" executed="True" />
              <test-case description="Has example code" name="Test help for Get-WrikeDataExport.Has example code" time="0.005" asserts="0" success="True" result="Success" executed="True" />
              <test-case description="Has example help" name="Test help for Get-WrikeDataExport.Has example help" time="0.0155" asserts="0" success="True" result="Success" executed="True" />
            </results>
          </test-suite>
          <test-suite type="TestFixture" name="Test help for Get-WrikeDataExportSchema" executed="True" result="Success" success="True" time="0.4721" asserts="0" description="Test help for Get-WrikeDataExportSchema">
            <results>
              <test-case description="Help is not auto-generated" name="Test help for Get-WrikeDataExportSchema.Help is not auto-generated" time="0.009" asserts="0" success="True" result="Success" executed="True" />
              <test-case description="Has description" name="Test help for Get-WrikeDataExportSchema.Has description" time="0.0046" asserts="0" success="True" result="Success" executed="True" />
              <test-case description="Has example code" name="Test help for Get-WrikeDataExportSchema.Has example code" time="0.0059" asserts="0" success="True" result="Success" executed="True" />
              <test-case description="Has example help" name="Test help for Get-WrikeDataExportSchema.Has example help" time="0.0054" asserts="0" success="True" result="Success" executed="True" />
            </results>
          </test-suite>
          <test-suite type="TestFixture" name="Test help for Get-WrikeExplorerConfig" executed="True" result="Success" success="True" time="0.5117" asserts="0" description="Test help for Get-WrikeExplorerConfig">
            <results>
              <test-case description="Help is not auto-generated" name="Test help for Get-WrikeExplorerConfig.Help is not auto-generated" time="0.0072" asserts="0" success="True" result="Success" executed="True" />
              <test-case description="Has description" name="Test help for Get-WrikeExplorerConfig.Has description" time="0.0044" asserts="0" success="True" result="Success" executed="True" />
              <test-case description="Has example code" name="Test help for Get-WrikeExplorerConfig.Has example code" time="0.0052" asserts="0" success="True" result="Success" executed="True" />
              <test-case description="Has example help" name="Test help for Get-WrikeExplorerConfig.Has example help" time="0.0053" asserts="0" success="True" result="Success" executed="True" />
            </results>
          </test-suite>
          <test-suite type="TestFixture" name="Test help for Invoke-WrikeApi" executed="True" result="Success" success="True" time="0.5593" asserts="0" description="Test help for Invoke-WrikeApi">
            <results>
              <test-case description="Help is not auto-generated" name="Test help for Invoke-WrikeApi.Help is not auto-generated" time="0.0114" asserts="0" success="True" result="Success" executed="True" />
              <test-case description="Has description" name="Test help for Invoke-WrikeApi.Has description" time="0.0046" asserts="0" success="True" result="Success" executed="True" />
              <test-case description="Has example code" name="Test help for Invoke-WrikeApi.Has example code" time="0.0079" asserts="0" success="True" result="Success" executed="True" />
              <test-case description="Has example help" name="Test help for Invoke-WrikeApi.Has example help" time="0.0073" asserts="0" success="True" result="Success" executed="True" />
            </results>
          </test-suite>
          <test-suite type="TestFixture" name="Test help for Request-WrikeDataExport" executed="True" result="Success" success="True" time="0.6008" asserts="0" description="Test help for Request-WrikeDataExport">
            <results>
              <test-case description="Help is not auto-generated" name="Test help for Request-WrikeDataExport.Help is not auto-generated" time="0.0089" asserts="0" success="True" result="Success" executed="True" />
              <test-case description="Has description" name="Test help for Request-WrikeDataExport.Has description" time="0.0043" asserts="0" success="True" result="Success" executed="True" />
              <test-case description="Has example code" name="Test help for Request-WrikeDataExport.Has example code" time="0.0042" asserts="0" success="True" result="Success" executed="True" />
              <test-case description="Has example help" name="Test help for Request-WrikeDataExport.Has example help" time="0.0083" asserts="0" success="True" result="Success" executed="True" />
            </results>
          </test-suite>
          <test-suite type="TestFixture" name="Test help for Save-WrikeDataExport" executed="True" result="Success" success="True" time="0.6407" asserts="0" description="Test help for Save-WrikeDataExport">
            <results>
              <test-case description="Help is not auto-generated" name="Test help for Save-WrikeDataExport.Help is not auto-generated" time="0.0077" asserts="0" success="True" result="Success" executed="True" />
              <test-case description="Has description" name="Test help for Save-WrikeDataExport.Has description" time="0.0071" asserts="0" success="True" result="Success" executed="True" />
              <test-case description="Has example code" name="Test help for Save-WrikeDataExport.Has example code" time="0.0041" asserts="0" success="True" result="Success" executed="True" />
              <test-case description="Has example help" name="Test help for Save-WrikeDataExport.Has example help" time="0.0053" asserts="0" success="True" result="Success" executed="True" />
            </results>
          </test-suite>
          <test-suite type="TestFixture" name="Test help for Set-WrikeAccessToken" executed="True" result="Success" success="True" time="0.709" asserts="0" description="Test help for Set-WrikeAccessToken">
            <results>
              <test-case description="Help is not auto-generated" name="Test help for Set-WrikeAccessToken.Help is not auto-generated" time="0.0264" asserts="0" success="True" result="Success" executed="True" />
              <test-case description="Has description" name="Test help for Set-WrikeAccessToken.Has description" time="0.0058" asserts="0" success="True" result="Success" executed="True" />
              <test-case description="Has example code" name="Test help for Set-WrikeAccessToken.Has example code" time="0.0075" asserts="0" success="True" result="Success" executed="True" />
              <test-case description="Has example help" name="Test help for Set-WrikeAccessToken.Has example help" time="0.0077" asserts="0" success="True" result="Success" executed="True" />
            </results>
          </test-suite>
        </results>
      </test-suite>
      <test-suite type="TestFixture" name="C:\Users\jh\source\repos\WrikeExplorer\tests\Manifest.tests.ps1" executed="True" result="Ignored" success="True" time="0.3619" asserts="0" description="C:\Users\jh\source\repos\WrikeExplorer\tests\Manifest.tests.ps1">
        <results>
          <test-suite type="TestFixture" name="Module manifest" executed="True" result="Success" success="True" time="0.1251" asserts="0" description="Module manifest">
            <results>
              <test-suite type="TestFixture" name="Module manifest.Validation" executed="True" result="Success" success="True" time="0.1222" asserts="0" description="Module manifest.Validation">
                <results>
                  <test-case description="Has a valid manifest" name="Module manifest.Validation.Has a valid manifest" time="0.0139" asserts="0" success="True" result="Success" executed="True" />
                  <test-case description="Has a valid name in the manifest" name="Module manifest.Validation.Has a valid name in the manifest" time="0.0194" asserts="0" success="True" result="Success" executed="True" />
                  <test-case description="Has a valid root module" name="Module manifest.Validation.Has a valid root module" time="0.0063" asserts="0" success="True" result="Success" executed="True" />
                  <test-case description="Has a valid version in the manifest" name="Module manifest.Validation.Has a valid version in the manifest" time="0.0083" asserts="0" success="True" result="Success" executed="True" />
                  <test-case description="Has a valid description" name="Module manifest.Validation.Has a valid description" time="0.012" asserts="0" success="True" result="Success" executed="True" />
                  <test-case description="Has a valid author" name="Module manifest.Validation.Has a valid author" time="0.0139" asserts="0" success="True" result="Success" executed="True" />
                  <test-case description="Has a valid guid" name="Module manifest.Validation.Has a valid guid" time="0.0217" asserts="0" success="True" result="Success" executed="True" />
                  <test-case description="Has a valid copyright" name="Module manifest.Validation.Has a valid copyright" time="0.0071" asserts="0" success="True" result="Success" executed="True" />
                  <test-case description="Has a valid version in the changelog" name="Module manifest.Validation.Has a valid version in the changelog" time="0.0067" asserts="0" success="True" result="Success" executed="True" />
                  <test-case description="Changelog and manifest versions are the same" name="Module manifest.Validation.Changelog and manifest versions are the same" time="0.0087" asserts="0" success="True" result="Success" executed="True" />
                </results>
              </test-suite>
            </results>
          </test-suite>
          <test-suite type="TestFixture" name="Git tagging" executed="True" result="Ignored" success="True" time="0.1452" asserts="0" description="Git tagging">
            <results>
              <test-case description="Is tagged with a valid version" name="Git tagging.Is tagged with a valid version" time="0.0095" asserts="0" success="False" result="Ignored" executed="False" />
              <test-case description="Matches manifest version" name="Git tagging.Matches manifest version" time="0.0073" asserts="0" success="False" result="Ignored" executed="False" />
            </results>
          </test-suite>
        </results>
      </test-suite>
      <test-suite type="TestFixture" name="C:\Users\jh\source\repos\WrikeExplorer\tests\Meta.tests.ps1" executed="True" result="Success" success="True" time="0.2282" asserts="0" description="C:\Users\jh\source\repos\WrikeExplorer\tests\Meta.tests.ps1">
        <results>
          <test-suite type="TestFixture" name="Text files formatting" executed="True" result="Success" success="True" time="0.0307" asserts="0" description="Text files formatting">
            <results>
              <test-suite type="TestFixture" name="Text files formatting.File encoding" executed="True" result="Success" success="True" time="0.0161" asserts="0" description="Text files formatting.File encoding">
                <results>
                  <test-case description="No text file uses Unicode/UTF-16 encoding" name="Text files formatting.File encoding.No text file uses Unicode/UTF-16 encoding" time="0.0129" asserts="0" success="True" result="Success" executed="True" />
                </results>
              </test-suite>
              <test-suite type="TestFixture" name="Text files formatting.Indentations" executed="True" result="Success" success="True" time="0.0275" asserts="0" description="Text files formatting.Indentations">
                <results>
                  <test-case description="No text file use tabs for indentations" name="Text files formatting.Indentations.No text file use tabs for indentations" time="0.0081" asserts="0" success="True" result="Success" executed="True" />
                </results>
              </test-suite>
            </results>
          </test-suite>
        </results>
      </test-suite>
      <test-suite type="TestFixture" name="C:\Users\jh\source\repos\WrikeExplorer\tests\WrikeExplorer.tests.ps1" executed="True" result="Success" success="True" time="0.5377" asserts="0" description="C:\Users\jh\source\repos\WrikeExplorer\tests\WrikeExplorer.tests.ps1">
        <results>
          <test-suite type="TestFixture" name="Wrike API Success Tests" executed="True" result="Success" success="True" time="0.2846" asserts="0" description="Wrike API Success Tests">
            <results>
              <test-case description="Get-WrikeContact returns self" name="Wrike API Success Tests.Get-WrikeContact returns self" time="0.2776" asserts="0" success="True" result="Success" executed="True" />
            </results>
          </test-suite>
          <test-suite type="TestFixture" name="Wrike API Error Tests" executed="True" result="Success" success="True" time="0.4762" asserts="0" description="Wrike API Error Tests">
            <results>
              <test-case description="Responds to invalid tokens correctly" name="Wrike API Error Tests.Responds to invalid tokens correctly" time="0.1876" asserts="0" success="True" result="Success" executed="True" />
            </results>
          </test-suite>
        </results>
      </test-suite>
    </results>
  </test-suite>
</test-results>